<?xml version="1.0" encoding="UTF-8"?>
<!-- Generated by org.testng.reporters.JUnitReportReporter -->
<testsuite hostname="pronoysunny-47" failures="0" tests="1" name="QKART_TESTNG.QKART_Tests" time="9.013" errors="0" timestamp="2023-02-18T19:59:37 IST" skipped="0">
  <testcase classname="QKART_TESTNG.QKART_Tests" name="TestCase01" time="9.013"/>
  <system-out/>
</testsuite> <!-- QKART_TESTNG.QKART_Tests -->
