<?xml version="1.0" encoding="UTF-8"?>
<testsuite name="QKART_TESTNG.QKART_Tests" tests="1" skipped="0" failures="0" errors="0" timestamp="2023-02-18T14:35:36" hostname="pronoysunny-47" time="9.148">
  <properties/>
  <testcase name="TestCase01" classname="QKART_TESTNG.QKART_Tests" time="9.148"/>
  <system-out><![CDATA[New Test Started TestCase01
2023-02-18T20:05:36.203744 |  Start TestCase  |  Test Case 1: Verify User Registration | DONE
2023-02-18T20:05:43.981314 |  Test Step  |  User Perform Login:  | PASS
2023-02-18T20:05:44.405304 |  End TestCase  |  Test Case 1: Verify user Registration :  | PASS
onTestSuccess Method TestCase01
]]></system-out>
  <system-err><![CDATA[]]></system-err>
</testsuite>
